2026-02-15 16:08:56,326 - INFO - ✅ 運行模式：即時預測
2026-02-15 16:08:56,341 - ERROR - Failed to get ticker '1671.T' reason: Impersonating chrome136 is not supported
2026-02-15 16:08:57,346 - ERROR - Failed to get ticker 'BZ=F' reason: Impersonating chrome136 is not supported
2026-02-15 16:08:57,355 - ERROR - 
1 Failed download:
2026-02-15 16:08:57,355 - ERROR - ['BZ=F']: ImpersonateError('Impersonating chrome136 is not supported')
2026-02-15 16:08:58,361 - ERROR - Failed to get ticker 'USDTWD=X' reason: Impersonating chrome136 is not supported
2026-02-15 16:08:58,362 - ERROR - $USDTWD=X: possibly delisted; no timezone found
2026-02-15 16:08:58,369 - ERROR - 
1 Failed download:
2026-02-15 16:08:58,370 - ERROR - ['USDTWD=X']: possibly delisted; no timezone found
2026-02-15 16:08:59,374 - ERROR - Failed to get ticker 'JPY=X' reason: Impersonating chrome136 is not supported
2026-02-15 16:08:59,375 - ERROR - $JPY=X: possibly delisted; no timezone found
2026-02-15 16:08:59,383 - ERROR - 
1 Failed download:
2026-02-15 16:08:59,383 - ERROR - ['JPY=X']: possibly delisted; no timezone found
2026-02-15 16:09:00,388 - ERROR - Failed to get ticker 'KRW=X' reason: Impersonating chrome136 is not supported
2026-02-15 16:09:00,389 - ERROR - $KRW=X: possibly delisted; no timezone found
2026-02-15 16:09:00,397 - ERROR - 
1 Failed download:
2026-02-15 16:09:00,397 - ERROR - ['KRW=X']: possibly delisted; no timezone found
2026-02-15 16:09:01,402 - ERROR - Failed to get ticker '^VIX' reason: Impersonating chrome136 is not supported
2026-02-15 16:09:01,403 - ERROR - $^VIX: possibly delisted; no timezone found
2026-02-15 16:09:01,411 - ERROR - 
1 Failed download:
2026-02-15 16:09:01,411 - ERROR - ['^VIX']: possibly delisted; no timezone found
2026-02-15 16:09:01,414 - ERROR - ❌ 特徵建立失敗，程式終止: ❌ 數據集建立失敗
Traceback (most recent call last):
  File "/home/runner/work/oil-price-prediction/oil-price-prediction/即時預測.py", line 201, in main
    build_and_save_features(mode=mode) # 呼叫 build_and_save_features 函式來建立特徵資料，根據 mode 來決定使用哪種模式的特徵資料，這個函式會從爬蟲模組中獲取最新的數據，進行特徵工程處理，並將結果保存為 parquet 檔案，確保後續的分析和預測使用到最新的特徵資料
    ^^^^^^^^^^^^^^^^^^^^^^^^^^^^^^^^^^
  File "/home/runner/work/oil-price-prediction/oil-price-prediction/爬蟲整合.py", line 519, in build_and_save_features
    if df_raw.empty: raise RuntimeError("❌ 數據集建立失敗")  # 如果資料是空的，拋出嚴重錯誤終止程式
                     ^^^^^^^^^^^^^^^^^^^^^^^^^^^^^^^^^^^^^^^
RuntimeError: ❌ 數據集建立失敗
2026-02-15 16:21:59,190 - INFO - ✅ 運行模式：即時預測
2026-02-15 16:21:59,206 - ERROR - Failed to get ticker '1671.T' reason: Impersonating chrome136 is not supported
2026-02-15 16:22:00,211 - ERROR - Failed to get ticker 'BZ=F' reason: Impersonating chrome136 is not supported
2026-02-15 16:22:00,220 - ERROR - 
1 Failed download:
2026-02-15 16:22:00,220 - ERROR - ['BZ=F']: ImpersonateError('Impersonating chrome136 is not supported')
2026-02-15 16:22:01,226 - ERROR - Failed to get ticker 'USDTWD=X' reason: Impersonating chrome136 is not supported
2026-02-15 16:22:01,227 - ERROR - $USDTWD=X: possibly delisted; no timezone found
2026-02-15 16:22:01,235 - ERROR - 
1 Failed download:
2026-02-15 16:22:01,235 - ERROR - ['USDTWD=X']: possibly delisted; no timezone found
2026-02-15 16:22:02,240 - ERROR - Failed to get ticker 'JPY=X' reason: Impersonating chrome136 is not supported
2026-02-15 16:22:02,240 - ERROR - $JPY=X: possibly delisted; no timezone found
2026-02-15 16:22:02,249 - ERROR - 
1 Failed download:
2026-02-15 16:22:02,249 - ERROR - ['JPY=X']: possibly delisted; no timezone found
2026-02-15 16:22:03,254 - ERROR - Failed to get ticker 'KRW=X' reason: Impersonating chrome136 is not supported
2026-02-15 16:22:03,254 - ERROR - $KRW=X: possibly delisted; no timezone found
2026-02-15 16:22:03,262 - ERROR - 
1 Failed download:
2026-02-15 16:22:03,263 - ERROR - ['KRW=X']: possibly delisted; no timezone found
2026-02-15 16:22:04,267 - ERROR - Failed to get ticker '^VIX' reason: Impersonating chrome136 is not supported
2026-02-15 16:22:04,268 - ERROR - $^VIX: possibly delisted; no timezone found
2026-02-15 16:22:04,276 - ERROR - 
1 Failed download:
2026-02-15 16:22:04,276 - ERROR - ['^VIX']: possibly delisted; no timezone found
2026-02-15 16:22:04,279 - ERROR - ❌ 特徵建立失敗，程式終止: ❌ 數據集建立失敗
Traceback (most recent call last):
  File "/home/runner/work/oil-price-prediction/oil-price-prediction/即時預測.py", line 201, in main
    build_and_save_features(mode=mode) # 呼叫 build_and_save_features 函式來建立特徵資料，根據 mode 來決定使用哪種模式的特徵資料，這個函式會從爬蟲模組中獲取最新的數據，進行特徵工程處理，並將結果保存為 parquet 檔案，確保後續的分析和預測使用到最新的特徵資料
    ^^^^^^^^^^^^^^^^^^^^^^^^^^^^^^^^^^
  File "/home/runner/work/oil-price-prediction/oil-price-prediction/爬蟲整合.py", line 519, in build_and_save_features
    if df_raw.empty: raise RuntimeError("❌ 數據集建立失敗")  # 如果資料是空的，拋出嚴重錯誤終止程式
                     ^^^^^^^^^^^^^^^^^^^^^^^^^^^^^^^^^^^^^^^
RuntimeError: ❌ 數據集建立失敗
2026-02-15 17:40:35,814 - INFO - ✅ 運行模式：即時預測
2026-02-15 17:40:37,729 - ERROR - 
1 Failed download:
2026-02-15 17:40:37,729 - ERROR - ['BZ=F']: YFRateLimitError('Too Many Requests. Rate limited. Try after a while.')
2026-02-15 17:40:38,968 - ERROR - 
1 Failed download:
2026-02-15 17:40:38,968 - ERROR - ['USDTWD=X']: YFRateLimitError('Too Many Requests. Rate limited. Try after a while.')
2026-02-15 17:40:40,194 - ERROR - 
1 Failed download:
2026-02-15 17:40:40,195 - ERROR - ['JPY=X']: YFRateLimitError('Too Many Requests. Rate limited. Try after a while.')
2026-02-15 17:40:41,423 - ERROR - 
1 Failed download:
2026-02-15 17:40:41,423 - ERROR - ['KRW=X']: YFRateLimitError('Too Many Requests. Rate limited. Try after a while.')
2026-02-15 17:40:42,659 - ERROR - 
1 Failed download:
2026-02-15 17:40:42,659 - ERROR - ['^VIX']: YFRateLimitError('Too Many Requests. Rate limited. Try after a while.')
2026-02-15 17:40:42,662 - ERROR - ❌ 特徵建立失敗，程式終止: ❌ 數據集建立失敗
Traceback (most recent call last):
  File "/home/runner/work/oil-price-prediction/oil-price-prediction/即時預測.py", line 201, in main
    build_and_save_features(mode=mode) # 呼叫 build_and_save_features 函式來建立特徵資料，根據 mode 來決定使用哪種模式的特徵資料，這個函式會從爬蟲模組中獲取最新的數據，進行特徵工程處理，並將結果保存為 parquet 檔案，確保後續的分析和預測使用到最新的特徵資料
    ^^^^^^^^^^^^^^^^^^^^^^^^^^^^^^^^^^
  File "/home/runner/work/oil-price-prediction/oil-price-prediction/爬蟲整合.py", line 519, in build_and_save_features
    if df_raw.empty: raise RuntimeError("❌ 數據集建立失敗")  # 如果資料是空的，拋出嚴重錯誤終止程式
                     ^^^^^^^^^^^^^^^^^^^^^^^^^^^^^^^^^^^^^^^
RuntimeError: ❌ 數據集建立失敗
2026-02-15 17:48:32,090 - INFO - ✅ 運行模式：即時預測
2026-02-15 17:48:33,987 - ERROR - 
1 Failed download:
2026-02-15 17:48:33,988 - ERROR - ['BZ=F']: YFRateLimitError('Too Many Requests. Rate limited. Try after a while.')
2026-02-15 17:48:35,265 - ERROR - 
1 Failed download:
2026-02-15 17:48:35,265 - ERROR - ['USDTWD=X']: YFRateLimitError('Too Many Requests. Rate limited. Try after a while.')
2026-02-15 17:48:36,542 - ERROR - 
1 Failed download:
2026-02-15 17:48:36,542 - ERROR - ['JPY=X']: YFRateLimitError('Too Many Requests. Rate limited. Try after a while.')
2026-02-15 17:48:37,817 - ERROR - 
1 Failed download:
2026-02-15 17:48:37,818 - ERROR - ['KRW=X']: YFRateLimitError('Too Many Requests. Rate limited. Try after a while.')
2026-02-15 17:48:39,095 - ERROR - 
1 Failed download:
2026-02-15 17:48:39,095 - ERROR - ['^VIX']: YFRateLimitError('Too Many Requests. Rate limited. Try after a while.')
2026-02-15 17:48:39,098 - ERROR - ❌ 特徵建立失敗，程式終止: ❌ 數據集建立失敗
Traceback (most recent call last):
  File "/home/runner/work/oil-price-prediction/oil-price-prediction/即時預測.py", line 201, in main
    build_and_save_features(mode=mode) # 呼叫 build_and_save_features 函式來建立特徵資料，根據 mode 來決定使用哪種模式的特徵資料，這個函式會從爬蟲模組中獲取最新的數據，進行特徵工程處理，並將結果保存為 parquet 檔案，確保後續的分析和預測使用到最新的特徵資料
    ^^^^^^^^^^^^^^^^^^^^^^^^^^^^^^^^^^
  File "/home/runner/work/oil-price-prediction/oil-price-prediction/爬蟲整合.py", line 519, in build_and_save_features
    if df_raw.empty: raise RuntimeError("❌ 數據集建立失敗")  # 如果資料是空的，拋出嚴重錯誤終止程式
                     ^^^^^^^^^^^^^^^^^^^^^^^^^^^^^^^^^^^^^^^
RuntimeError: ❌ 數據集建立失敗
2026-02-15 19:14:01,745 - INFO - ✅ 運行模式：即時預測
2026-02-15 19:14:03,557 - ERROR - 
1 Failed download:
2026-02-15 19:14:03,558 - ERROR - ['BZ=F']: YFRateLimitError('Too Many Requests. Rate limited. Try after a while.')
2026-02-15 19:14:04,796 - ERROR - 
1 Failed download:
2026-02-15 19:14:04,796 - ERROR - ['USDTWD=X']: YFRateLimitError('Too Many Requests. Rate limited. Try after a while.')
2026-02-15 19:14:06,021 - ERROR - 
1 Failed download:
2026-02-15 19:14:06,021 - ERROR - ['JPY=X']: YFRateLimitError('Too Many Requests. Rate limited. Try after a while.')
2026-02-15 19:14:07,257 - ERROR - 
1 Failed download:
2026-02-15 19:14:07,257 - ERROR - ['KRW=X']: YFRateLimitError('Too Many Requests. Rate limited. Try after a while.')
2026-02-15 19:14:08,484 - ERROR - 
1 Failed download:
2026-02-15 19:14:08,485 - ERROR - ['^VIX']: YFRateLimitError('Too Many Requests. Rate limited. Try after a while.')
2026-02-15 19:14:08,488 - ERROR - ❌ 特徵建立失敗，程式終止: ❌ 數據集建立失敗
Traceback (most recent call last):
  File "/home/runner/work/oil-price-prediction/oil-price-prediction/即時預測.py", line 201, in main
    build_and_save_features(mode=mode) # 呼叫 build_and_save_features 函式來建立特徵資料，根據 mode 來決定使用哪種模式的特徵資料，這個函式會從爬蟲模組中獲取最新的數據，進行特徵工程處理，並將結果保存為 parquet 檔案，確保後續的分析和預測使用到最新的特徵資料
    ^^^^^^^^^^^^^^^^^^^^^^^^^^^^^^^^^^
  File "/home/runner/work/oil-price-prediction/oil-price-prediction/爬蟲整合.py", line 519, in build_and_save_features
    if df_raw.empty: raise RuntimeError("❌ 數據集建立失敗")  # 如果資料是空的，拋出嚴重錯誤終止程式
                     ^^^^^^^^^^^^^^^^^^^^^^^^^^^^^^^^^^^^^^^
RuntimeError: ❌ 數據集建立失敗
2026-02-15 19:18:21,334 - INFO - ✅ 運行模式：即時預測
2026-02-15 19:18:23,186 - ERROR - 
1 Failed download:
2026-02-15 19:18:23,186 - ERROR - ['BZ=F']: YFRateLimitError('Too Many Requests. Rate limited. Try after a while.')
2026-02-15 19:18:24,505 - ERROR - 
1 Failed download:
2026-02-15 19:18:24,505 - ERROR - ['USDTWD=X']: YFRateLimitError('Too Many Requests. Rate limited. Try after a while.')
2026-02-15 19:18:25,721 - ERROR - 
1 Failed download:
2026-02-15 19:18:25,722 - ERROR - ['JPY=X']: YFRateLimitError('Too Many Requests. Rate limited. Try after a while.')
2026-02-15 19:18:26,968 - ERROR - 
1 Failed download:
2026-02-15 19:18:26,968 - ERROR - ['KRW=X']: YFRateLimitError('Too Many Requests. Rate limited. Try after a while.')
2026-02-15 19:18:28,204 - ERROR - 
1 Failed download:
2026-02-15 19:18:28,204 - ERROR - ['^VIX']: YFRateLimitError('Too Many Requests. Rate limited. Try after a while.')
2026-02-15 19:18:28,207 - ERROR - ❌ 特徵建立失敗，程式終止: ❌ 數據集建立失敗
Traceback (most recent call last):
  File "/home/runner/work/oil-price-prediction/oil-price-prediction/即時預測.py", line 201, in main
    build_and_save_features(mode=mode) # 呼叫 build_and_save_features 函式來建立特徵資料，根據 mode 來決定使用哪種模式的特徵資料，這個函式會從爬蟲模組中獲取最新的數據，進行特徵工程處理，並將結果保存為 parquet 檔案，確保後續的分析和預測使用到最新的特徵資料
    ^^^^^^^^^^^^^^^^^^^^^^^^^^^^^^^^^^
  File "/home/runner/work/oil-price-prediction/oil-price-prediction/爬蟲整合.py", line 519, in build_and_save_features
    if df_raw.empty: raise RuntimeError("❌ 數據集建立失敗")  # 如果資料是空的，拋出嚴重錯誤終止程式
                     ^^^^^^^^^^^^^^^^^^^^^^^^^^^^^^^^^^^^^^^
RuntimeError: ❌ 數據集建立失敗
2026-02-15 19:47:12,305 - INFO - ✅ 運行模式：即時預測
2026-02-15 19:47:14,072 - ERROR - 
1 Failed download:
2026-02-15 19:47:14,073 - ERROR - ['BZ=F']: YFRateLimitError('Too Many Requests. Rate limited. Try after a while.')
2026-02-15 19:47:15,309 - ERROR - 
1 Failed download:
2026-02-15 19:47:15,309 - ERROR - ['USDTWD=X']: YFRateLimitError('Too Many Requests. Rate limited. Try after a while.')
2026-02-15 19:47:16,546 - ERROR - 
1 Failed download:
2026-02-15 19:47:16,546 - ERROR - ['JPY=X']: YFRateLimitError('Too Many Requests. Rate limited. Try after a while.')
2026-02-15 19:47:17,772 - ERROR - 
1 Failed download:
2026-02-15 19:47:17,774 - ERROR - ['KRW=X']: YFRateLimitError('Too Many Requests. Rate limited. Try after a while.')
2026-02-15 19:47:19,000 - ERROR - 
1 Failed download:
2026-02-15 19:47:19,002 - ERROR - ['^VIX']: YFRateLimitError('Too Many Requests. Rate limited. Try after a while.')
2026-02-15 19:47:19,005 - ERROR - ❌ 特徵建立失敗，程式終止: ❌ 數據集建立失敗
Traceback (most recent call last):
  File "/home/runner/work/oil-price-prediction/oil-price-prediction/即時預測.py", line 201, in main
    build_and_save_features(mode=mode) # 呼叫 build_and_save_features 函式來建立特徵資料，根據 mode 來決定使用哪種模式的特徵資料，這個函式會從爬蟲模組中獲取最新的數據，進行特徵工程處理，並將結果保存為 parquet 檔案，確保後續的分析和預測使用到最新的特徵資料
    ^^^^^^^^^^^^^^^^^^^^^^^^^^^^^^^^^^
  File "/home/runner/work/oil-price-prediction/oil-price-prediction/爬蟲整合.py", line 519, in build_and_save_features
    if df_raw.empty: raise RuntimeError("❌ 數據集建立失敗")  # 如果資料是空的，拋出嚴重錯誤終止程式
                     ^^^^^^^^^^^^^^^^^^^^^^^^^^^^^^^^^^^^^^^
RuntimeError: ❌ 數據集建立失敗
2026-02-15 20:20:21,546 - INFO - ✅ 運行模式：即時預測
2026-02-15 20:20:23,516 - ERROR - 
1 Failed download:
2026-02-15 20:20:23,517 - ERROR - ['BZ=F']: YFRateLimitError('Too Many Requests. Rate limited. Try after a while.')
2026-02-15 20:20:24,855 - ERROR - 
1 Failed download:
2026-02-15 20:20:24,855 - ERROR - ['USDTWD=X']: YFRateLimitError('Too Many Requests. Rate limited. Try after a while.')
2026-02-15 20:20:26,193 - ERROR - 
1 Failed download:
2026-02-15 20:20:26,193 - ERROR - ['JPY=X']: YFRateLimitError('Too Many Requests. Rate limited. Try after a while.')
2026-02-15 20:20:27,532 - ERROR - 
1 Failed download:
2026-02-15 20:20:27,532 - ERROR - ['KRW=X']: YFRateLimitError('Too Many Requests. Rate limited. Try after a while.')
2026-02-15 20:20:28,840 - ERROR - 
1 Failed download:
2026-02-15 20:20:28,840 - ERROR - ['^VIX']: YFRateLimitError('Too Many Requests. Rate limited. Try after a while.')
2026-02-15 20:20:28,842 - ERROR - ❌ 特徵建立失敗，程式終止: ❌ 數據集建立失敗
Traceback (most recent call last):
  File "/home/runner/work/oil-price-prediction/oil-price-prediction/即時預測.py", line 201, in main
    build_and_save_features(mode=mode) # 呼叫 build_and_save_features 函式來建立特徵資料，根據 mode 來決定使用哪種模式的特徵資料，這個函式會從爬蟲模組中獲取最新的數據，進行特徵工程處理，並將結果保存為 parquet 檔案，確保後續的分析和預測使用到最新的特徵資料
    ^^^^^^^^^^^^^^^^^^^^^^^^^^^^^^^^^^
  File "/home/runner/work/oil-price-prediction/oil-price-prediction/爬蟲整合.py", line 530, in build_and_save_features
    if df_raw.empty: raise RuntimeError("❌ 數據集建立失敗")  # 如果資料是空的，拋出嚴重錯誤終止程式
                     ^^^^^^^^^^^^^^^^^^^^^^^^^^^^^^^^^^^^^^^
RuntimeError: ❌ 數據集建立失敗
2026-02-16 12:28:17,260 - INFO - ✅ 運行模式：即時預測
2026-02-16 12:28:19,418 - ERROR - 
1 Failed download:
2026-02-16 12:28:19,419 - ERROR - ['BZ=F']: YFRateLimitError('Too Many Requests. Rate limited. Try after a while.')
2026-02-16 12:28:20,810 - ERROR - 
1 Failed download:
2026-02-16 12:28:20,810 - ERROR - ['USDTWD=X']: YFRateLimitError('Too Many Requests. Rate limited. Try after a while.')
2026-02-16 12:28:22,158 - ERROR - 
1 Failed download:
2026-02-16 12:28:22,159 - ERROR - ['JPY=X']: YFRateLimitError('Too Many Requests. Rate limited. Try after a while.')
2026-02-16 12:28:23,587 - ERROR - 
1 Failed download:
2026-02-16 12:28:23,588 - ERROR - ['KRW=X']: YFRateLimitError('Too Many Requests. Rate limited. Try after a while.')
2026-02-16 12:28:24,926 - ERROR - 
1 Failed download:
2026-02-16 12:28:24,928 - ERROR - ['^VIX']: YFRateLimitError('Too Many Requests. Rate limited. Try after a while.')
2026-02-16 12:28:24,930 - ERROR - ❌ 特徵建立失敗，程式終止: ❌ 數據集建立失敗
Traceback (most recent call last):
  File "/home/runner/work/oil-price-prediction/oil-price-prediction/即時預測.py", line 201, in main
    build_and_save_features(mode=mode) # 呼叫 build_and_save_features 函式來建立特徵資料，根據 mode 來決定使用哪種模式的特徵資料，這個函式會從爬蟲模組中獲取最新的數據，進行特徵工程處理，並將結果保存為 parquet 檔案，確保後續的分析和預測使用到最新的特徵資料
    ^^^^^^^^^^^^^^^^^^^^^^^^^^^^^^^^^^
  File "/home/runner/work/oil-price-prediction/oil-price-prediction/爬蟲整合.py", line 530, in build_and_save_features
    if df_raw.empty: raise RuntimeError("❌ 數據集建立失敗")  # 如果資料是空的，拋出嚴重錯誤終止程式
                     ^^^^^^^^^^^^^^^^^^^^^^^^^^^^^^^^^^^^^^^
RuntimeError: ❌ 數據集建立失敗
2026-02-16 21:30:29,856 - INFO - ✅ 運行模式：即時預測
2026-02-16 21:30:31,908 - ERROR - 
1 Failed download:
2026-02-16 21:30:31,909 - ERROR - ['BZ=F']: YFRateLimitError('Too Many Requests. Rate limited. Try after a while.')
2026-02-16 21:30:33,290 - ERROR - 
1 Failed download:
2026-02-16 21:30:33,291 - ERROR - ['USDTWD=X']: YFRateLimitError('Too Many Requests. Rate limited. Try after a while.')
2026-02-16 21:30:34,649 - ERROR - 
1 Failed download:
2026-02-16 21:30:34,649 - ERROR - ['JPY=X']: YFRateLimitError('Too Many Requests. Rate limited. Try after a while.')
2026-02-16 21:30:35,996 - ERROR - 
1 Failed download:
2026-02-16 21:30:35,997 - ERROR - ['KRW=X']: YFRateLimitError('Too Many Requests. Rate limited. Try after a while.')
2026-02-16 21:30:38,392 - ERROR - 
1 Failed download:
2026-02-16 21:30:38,392 - ERROR - ['^VIX']: YFRateLimitError('Too Many Requests. Rate limited. Try after a while.')
2026-02-16 21:30:38,395 - ERROR - ❌ 特徵建立失敗，程式終止: ❌ 數據集建立失敗
Traceback (most recent call last):
  File "/home/runner/work/oil-price-prediction/oil-price-prediction/即時預測.py", line 201, in main
    build_and_save_features(mode=mode) # 呼叫 build_and_save_features 函式來建立特徵資料，根據 mode 來決定使用哪種模式的特徵資料，這個函式會從爬蟲模組中獲取最新的數據，進行特徵工程處理，並將結果保存為 parquet 檔案，確保後續的分析和預測使用到最新的特徵資料
    ^^^^^^^^^^^^^^^^^^^^^^^^^^^^^^^^^^
  File "/home/runner/work/oil-price-prediction/oil-price-prediction/爬蟲整合.py", line 530, in build_and_save_features
    if df_raw.empty: raise RuntimeError("❌ 數據集建立失敗")  # 如果資料是空的，拋出嚴重錯誤終止程式
                     ^^^^^^^^^^^^^^^^^^^^^^^^^^^^^^^^^^^^^^^
RuntimeError: ❌ 數據集建立失敗
2026-02-17 15:41:51,739 - INFO - ✅ 運行模式：即時預測
2026-02-17 15:41:53,651 - ERROR - 
1 Failed download:
2026-02-17 15:41:53,652 - ERROR - ['BZ=F']: YFRateLimitError('Too Many Requests. Rate limited. Try after a while.')
2026-02-17 15:41:54,985 - ERROR - 
1 Failed download:
2026-02-17 15:41:54,986 - ERROR - ['USDTWD=X']: YFRateLimitError('Too Many Requests. Rate limited. Try after a while.')
2026-02-17 15:41:56,315 - ERROR - 
1 Failed download:
2026-02-17 15:41:56,317 - ERROR - ['JPY=X']: YFRateLimitError('Too Many Requests. Rate limited. Try after a while.')
2026-02-17 15:41:57,665 - ERROR - 
1 Failed download:
2026-02-17 15:41:57,666 - ERROR - ['KRW=X']: YFRateLimitError('Too Many Requests. Rate limited. Try after a while.')
2026-02-17 15:41:59,004 - ERROR - 
1 Failed download:
2026-02-17 15:41:59,004 - ERROR - ['^VIX']: YFRateLimitError('Too Many Requests. Rate limited. Try after a while.')
2026-02-17 15:41:59,008 - ERROR - ❌ 特徵建立失敗，程式終止: ❌ 數據集建立失敗
Traceback (most recent call last):
  File "/home/runner/work/oil-price-prediction/oil-price-prediction/即時預測.py", line 201, in main
    build_and_save_features(mode=mode) # 呼叫 build_and_save_features 函式來建立特徵資料，根據 mode 來決定使用哪種模式的特徵資料，這個函式會從爬蟲模組中獲取最新的數據，進行特徵工程處理，並將結果保存為 parquet 檔案，確保後續的分析和預測使用到最新的特徵資料
    ^^^^^^^^^^^^^^^^^^^^^^^^^^^^^^^^^^
  File "/home/runner/work/oil-price-prediction/oil-price-prediction/爬蟲整合.py", line 530, in build_and_save_features
    if df_raw.empty: raise RuntimeError("❌ 數據集建立失敗")  # 如果資料是空的，拋出嚴重錯誤終止程式
                     ^^^^^^^^^^^^^^^^^^^^^^^^^^^^^^^^^^^^^^^
RuntimeError: ❌ 數據集建立失敗
2026-02-21 12:54:31,655 - INFO - ✅ 運行模式：即時預測
2026-02-21 12:54:33,551 - ERROR - 
1 Failed download:
2026-02-21 12:54:33,552 - ERROR - ['BZ=F']: YFRateLimitError('Too Many Requests. Rate limited. Try after a while.')
2026-02-21 12:54:34,894 - ERROR - 
1 Failed download:
2026-02-21 12:54:34,895 - ERROR - ['USDTWD=X']: YFRateLimitError('Too Many Requests. Rate limited. Try after a while.')
2026-02-21 12:54:36,246 - ERROR - 
1 Failed download:
2026-02-21 12:54:36,246 - ERROR - ['JPY=X']: YFRateLimitError('Too Many Requests. Rate limited. Try after a while.')
2026-02-21 12:54:37,577 - ERROR - 
1 Failed download:
2026-02-21 12:54:37,577 - ERROR - ['KRW=X']: YFRateLimitError('Too Many Requests. Rate limited. Try after a while.')
2026-02-21 12:54:38,997 - ERROR - 
1 Failed download:
2026-02-21 12:54:38,997 - ERROR - ['^VIX']: YFRateLimitError('Too Many Requests. Rate limited. Try after a while.')
2026-02-21 12:54:39,001 - ERROR - ❌ 特徵建立失敗，程式終止: ❌ 數據集建立失敗
Traceback (most recent call last):
  File "/home/runner/work/oil-price-prediction/oil-price-prediction/即時預測.py", line 201, in main
    build_and_save_features(mode=mode) # 呼叫 build_and_save_features 函式來建立特徵資料，根據 mode 來決定使用哪種模式的特徵資料，這個函式會從爬蟲模組中獲取最新的數據，進行特徵工程處理，並將結果保存為 parquet 檔案，確保後續的分析和預測使用到最新的特徵資料
    ^^^^^^^^^^^^^^^^^^^^^^^^^^^^^^^^^^
  File "/home/runner/work/oil-price-prediction/oil-price-prediction/爬蟲整合.py", line 530, in build_and_save_features
    if df_raw.empty: raise RuntimeError("❌ 數據集建立失敗")  # 如果資料是空的，拋出嚴重錯誤終止程式
                     ^^^^^^^^^^^^^^^^^^^^^^^^^^^^^^^^^^^^^^^
RuntimeError: ❌ 數據集建立失敗
2026-02-21 22:14:37,635 - INFO - ✅ 運行模式：即時預測
2026-02-21 22:14:45,840 - ERROR - 
1 Failed download:
2026-02-21 22:14:45,840 - ERROR - ['BZ=F']: YFRateLimitError('Too Many Requests. Rate limited. Try after a while.')
2026-02-21 22:14:51,716 - ERROR - 
1 Failed download:
2026-02-21 22:14:51,717 - ERROR - ['BZ=F']: YFRateLimitError('Too Many Requests. Rate limited. Try after a while.')
2026-02-21 22:15:09,147 - ERROR - 
1 Failed download:
2026-02-21 22:15:09,147 - ERROR - ['BZ=F']: YFRateLimitError('Too Many Requests. Rate limited. Try after a while.')
2026-02-21 22:15:13,185 - ERROR - 
1 Failed download:
2026-02-21 22:15:13,186 - ERROR - ['USDTWD=X']: YFRateLimitError('Too Many Requests. Rate limited. Try after a while.')
2026-02-21 22:15:20,271 - ERROR - 
1 Failed download:
2026-02-21 22:15:20,271 - ERROR - ['USDTWD=X']: YFRateLimitError('Too Many Requests. Rate limited. Try after a while.')
2026-02-21 22:15:31,785 - ERROR - 
1 Failed download:
2026-02-21 22:15:31,786 - ERROR - ['USDTWD=X']: YFRateLimitError('Too Many Requests. Rate limited. Try after a while.')
2026-02-21 22:15:38,599 - ERROR - 
1 Failed download:
2026-02-21 22:15:38,599 - ERROR - ['JPY=X']: YFRateLimitError('Too Many Requests. Rate limited. Try after a while.')
2026-02-21 22:15:47,496 - ERROR - 
1 Failed download:
2026-02-21 22:15:47,498 - ERROR - ['JPY=X']: YFRateLimitError('Too Many Requests. Rate limited. Try after a while.')
2026-02-21 22:16:07,399 - ERROR - 
1 Failed download:
2026-02-21 22:16:07,399 - ERROR - ['JPY=X']: YFRateLimitError('Too Many Requests. Rate limited. Try after a while.')
2026-02-21 22:16:14,860 - ERROR - 
1 Failed download:
2026-02-21 22:16:14,860 - ERROR - ['KRW=X']: YFRateLimitError('Too Many Requests. Rate limited. Try after a while.')
2026-02-21 22:16:21,538 - ERROR - 
1 Failed download:
2026-02-21 22:16:21,539 - ERROR - ['KRW=X']: YFRateLimitError('Too Many Requests. Rate limited. Try after a while.')
2026-02-21 22:16:32,636 - ERROR - 
1 Failed download:
2026-02-21 22:16:32,636 - ERROR - ['KRW=X']: YFRateLimitError('Too Many Requests. Rate limited. Try after a while.')
2026-02-21 22:16:37,320 - ERROR - 
1 Failed download:
2026-02-21 22:16:37,320 - ERROR - ['^VIX']: YFRateLimitError('Too Many Requests. Rate limited. Try after a while.')
2026-02-21 22:16:45,078 - ERROR - 
1 Failed download:
2026-02-21 22:16:45,078 - ERROR - ['^VIX']: YFRateLimitError('Too Many Requests. Rate limited. Try after a while.')
2026-02-21 22:17:03,265 - ERROR - 
1 Failed download:
2026-02-21 22:17:03,265 - ERROR - ['^VIX']: YFRateLimitError('Too Many Requests. Rate limited. Try after a while.')
2026-02-21 22:17:03,267 - ERROR - ❌ 特徵建立失敗，程式終止: ❌ 數據集建立失敗
Traceback (most recent call last):
  File "/home/runner/work/oil-price-prediction/oil-price-prediction/即時預測.py", line 201, in main
    build_and_save_features(mode=mode) # 呼叫 build_and_save_features 函式來建立特徵資料，根據 mode 來決定使用哪種模式的特徵資料，這個函式會從爬蟲模組中獲取最新的數據，進行特徵工程處理，並將結果保存為 parquet 檔案，確保後續的分析和預測使用到最新的特徵資料
    ^^^^^^^^^^^^^^^^^^^^^^^^^^^^^^^^^^
  File "/home/runner/work/oil-price-prediction/oil-price-prediction/爬蟲整合.py", line 551, in build_and_save_features
    if df_raw.empty: raise RuntimeError("❌ 數據集建立失敗")  # 如果資料是空的，拋出嚴重錯誤終止程式
                     ^^^^^^^^^^^^^^^^^^^^^^^^^^^^^^^^^^^^^^^
RuntimeError: ❌ 數據集建立失敗
